# JRE version: OpenJDK Runtime Environment (11.0.8+10) (build 11.0.8+10-b944.6842174)
# Java VM: OpenJDK 64-Bit Server VM (11.0.8+10-b944.6842174, mixed mode, tiered, compressed oops, g1 gc, windows-amd64)
Heap:
 garbage-first heap   total 187392K, used 132356K [0x0000000080000000, 0x0000000100000000)
  region size 1024K, 46 young (47104K), 5 survivors (5120K)
 Metaspace       used 97392K, capacity 100257K, committed 100476K, reserved 1136640K
  class space    used 12516K, capacity 13524K, committed 13568K, reserved 1048576K
GC Heap History (20 events):
Event: 35.251 GC heap before
{Heap before GC invocations=19 (full 0):
 garbage-first heap   total 129024K, used 106183K [0x0000000080000000, 0x0000000100000000)
  region size 1024K, 37 young (37888K), 3 survivors (3072K)
 Metaspace       used 70105K, capacity 71898K, committed 72188K, reserved 1112064K
  class space    used 9119K, capacity 9745K, committed 9856K, reserved 1048576K
}
Event: 35.264 GC heap after
{Heap after GC invocations=20 (full 0):
 garbage-first heap   total 129024K, used 72687K [0x0000000080000000, 0x0000000100000000)
  region size 1024K, 4 young (4096K), 4 survivors (4096K)
 Metaspace       used 70105K, capacity 71898K, committed 72188K, reserved 1112064K
  class space    used 9119K, capacity 9745K, committed 9856K, reserved 1048576K
}
Event: 36.614 GC heap before
{Heap before GC invocations=20 (full 0):
 garbage-first heap   total 129024K, used 107503K [0x0000000080000000, 0x0000000100000000)
  region size 1024K, 38 young (38912K), 4 survivors (4096K)
 Metaspace       used 72125K, capacity 74041K, committed 74236K, reserved 1114112K
  class space    used 9369K, capacity 9985K, committed 10112K, reserved 1048576K
}
Event: 36.632 GC heap after
{Heap after GC invocations=21 (full 0):
 garbage-first heap   total 129024K, used 75289K [0x0000000080000000, 0x0000000100000000)
  region size 1024K, 5 young (5120K), 5 survivors (5120K)
 Metaspace       used 72125K, capacity 74041K, committed 74236K, reserved 1114112K
  class space    used 9369K, capacity 9985K, committed 10112K, reserved 1048576K
}
Event: 37.870 GC heap before
{Heap before GC invocations=22 (full 0):
 garbage-first heap   total 129024K, used 107033K [0x0000000080000000, 0x0000000100000000)
  region size 1024K, 36 young (36864K), 5 survivors (5120K)
 Metaspace       used 74324K, capacity 76286K, committed 76540K, reserved 1116160K
  class space    used 9712K, capacity 10357K, committed 10368K, reserved 1048576K
}
Event: 37.890 GC heap after
{Heap after GC invocations=23 (full 0):
 garbage-first heap   total 129024K, used 77206K [0x0000000080000000, 0x0000000100000000)
  region size 1024K, 5 young (5120K), 5 survivors (5120K)
 Metaspace       used 74324K, capacity 76286K, committed 76540K, reserved 1116160K
  class space    used 9712K, capacity 10357K, committed 10368K, reserved 1048576K
}
Event: 39.199 GC heap before
{Heap before GC invocations=23 (full 0):
 garbage-first heap   total 129024K, used 107926K [0x0000000080000000, 0x0000000100000000)
  region size 1024K, 35 young (35840K), 5 survivors (5120K)
 Metaspace       used 76549K, capacity 78585K, committed 78716K, reserved 1118208K
  class space    used 10012K, capacity 10645K, committed 10752K, reserved 1048576K
}
Event: 39.217 GC heap after
{Heap after GC invocations=24 (full 0):
 garbage-first heap   total 129024K, used 78844K [0x0000000080000000, 0x0000000100000000)
  region size 1024K, 4 young (4096K), 4 survivors (4096K)
 Metaspace       used 76549K, capacity 78585K, committed 78716K, reserved 1118208K
  class space    used 10012K, capacity 10645K, committed 10752K, reserved 1048576K
}
Event: 40.943 GC heap before
{Heap before GC invocations=25 (full 0):
 garbage-first heap   total 129024K, used 108540K [0x0000000080000000, 0x0000000100000000)
  region size 1024K, 33 young (33792K), 4 survivors (4096K)
 Metaspace       used 80385K, capacity 82401K, committed 82556K, reserved 1120256K
  class space    used 10547K, capacity 11203K, committed 11264K, reserved 1048576K
}
Event: 40.959 GC heap after
{Heap after GC invocations=26 (full 0):
 garbage-first heap   total 129024K, used 80230K [0x0000000080000000, 0x0000000100000000)
  region size 1024K, 4 young (4096K), 4 survivors (4096K)
 Metaspace       used 80385K, capacity 82401K, committed 82556K, reserved 1120256K
  class space    used 10547K, capacity 11203K, committed 11264K, reserved 1048576K
}
Event: 42.478 GC heap before
{Heap before GC invocations=26 (full 0):
 garbage-first heap   total 129024K, used 108902K [0x0000000080000000, 0x0000000100000000)
  region size 1024K, 32 young (32768K), 4 survivors (4096K)
 Metaspace       used 83500K, capacity 85479K, committed 85756K, reserved 1124352K
  class space    used 10888K, capacity 11542K, committed 11648K, reserved 1048576K
}
Event: 42.502 GC heap after
{Heap after GC invocations=27 (full 0):
 garbage-first heap   total 155648K, used 82046K [0x0000000080000000, 0x0000000100000000)
  region size 1024K, 3 young (3072K), 3 survivors (3072K)
 Metaspace       used 83500K, capacity 85479K, committed 85756K, reserved 1124352K
  class space    used 10888K, capacity 11542K, committed 11648K, reserved 1048576K
}
Event: 43.998 GC heap before
{Heap before GC invocations=28 (full 0):
 garbage-first heap   total 155648K, used 124029K [0x0000000080000000, 0x0000000100000000)
  region size 1024K, 45 young (46080K), 3 survivors (3072K)
 Metaspace       used 85135K, capacity 87459K, committed 87676K, reserved 1124352K
  class space    used 11164K, capacity 11941K, committed 12032K, reserved 1048576K
}
Event: 44.021 GC heap after
{Heap after GC invocations=29 (full 0):
 garbage-first heap   total 155648K, used 84897K [0x0000000080000000, 0x0000000100000000)
  region size 1024K, 6 young (6144K), 6 survivors (6144K)
 Metaspace       used 85135K, capacity 87459K, committed 87676K, reserved 1124352K
  class space    used 11164K, capacity 11941K, committed 12032K, reserved 1048576K
}
Event: 45.271 GC heap before
{Heap before GC invocations=29 (full 0):
 garbage-first heap   total 155648K, used 125857K [0x0000000080000000, 0x0000000100000000)
  region size 1024K, 47 young (48128K), 6 survivors (6144K)
 Metaspace       used 85990K, capacity 88363K, committed 88444K, reserved 1126400K
  class space    used 11232K, capacity 11998K, committed 12032K, reserved 1048576K
}
Event: 45.298 GC heap after
{Heap after GC invocations=30 (full 0):
 garbage-first heap   total 155648K, used 87455K [0x0000000080000000, 0x0000000100000000)
  region size 1024K, 6 young (6144K), 6 survivors (6144K)
 Metaspace       used 85990K, capacity 88363K, committed 88444K, reserved 1126400K
  class space    used 11232K, capacity 11998K, committed 12032K, reserved 1048576K
}
Event: 47.131 GC heap before
{Heap before GC invocations=31 (full 0):
 garbage-first heap   total 155648K, used 120223K [0x0000000080000000, 0x0000000100000000)
  region size 1024K, 40 young (40960K), 6 survivors (6144K)
 Metaspace       used 89720K, capacity 92316K, committed 92412K, reserved 1128448K
  class space    used 11764K, capacity 12647K, committed 12672K, reserved 1048576K
}
Event: 47.154 GC heap after
{Heap after GC invocations=32 (full 0):
 garbage-first heap   total 155648K, used 89756K [0x0000000080000000, 0x0000000100000000)
  region size 1024K, 5 young (5120K), 5 survivors (5120K)
 Metaspace       used 89720K, capacity 92316K, committed 92412K, reserved 1128448K
  class space    used 11764K, capacity 12647K, committed 12672K, reserved 1048576K
}
Event: 49.070 GC heap before
{Heap before GC invocations=33 (full 0):
 garbage-first heap   total 155648K, used 129692K [0x0000000080000000, 0x0000000100000000)
  region size 1024K, 44 young (45056K), 5 survivors (5120K)
 Metaspace       used 95463K, capacity 98207K, committed 98428K, reserved 1134592K
  class space    used 12304K, capacity 13234K, committed 13312K, reserved 1048576K
}
Event: 49.098 GC heap after
{Heap after GC invocations=34 (full 0):
 garbage-first heap   total 187392K, used 91396K [0x0000000080000000, 0x0000000100000000)
  region size 1024K, 5 young (5120K), 5 survivors (5120K)
 Metaspace       used 95463K, capacity 98207K, committed 98428K, reserved 1134592K
  class space    used 12304K, capacity 13234K, committed 13312K, reserved 1048576K
}

