# JRE version: OpenJDK Runtime Environment (11.0.8+10) (build 11.0.8+10-b944.6842174)
# Java VM: OpenJDK 64-Bit Server VM (11.0.8+10-b944.6842174, mixed mode, tiered, compressed oops, g1 gc, windows-amd64)
Heap:
 garbage-first heap   total 361472K, used 122868K [0x0000000080000000, 0x0000000100000000)
  region size 1024K, 2 young (2048K), 2 survivors (2048K)
 Metaspace       used 106530K, capacity 109140K, committed 110028K, reserved 1144832K
  class space    used 13342K, capacity 14278K, committed 14592K, reserved 1048576K
GC Heap History (20 events):
Event: 57.124 GC heap after
{Heap after GC invocations=40 (full 0):
 garbage-first heap   total 242688K, used 80552K [0x0000000080000000, 0x0000000100000000)
  region size 1024K, 4 young (4096K), 4 survivors (4096K)
 Metaspace       used 91713K, capacity 93773K, committed 94028K, reserved 1130496K
  class space    used 11426K, capacity 12124K, committed 12160K, reserved 1048576K
}
Event: 59.507 GC heap before
{Heap before GC invocations=40 (full 0):
 garbage-first heap   total 242688K, used 158376K [0x0000000080000000, 0x0000000100000000)
  region size 1024K, 81 young (82944K), 4 survivors (4096K)
 Metaspace       used 94265K, capacity 96318K, committed 96460K, reserved 1132544K
  class space    used 11732K, capacity 12429K, committed 12544K, reserved 1048576K
}
Event: 59.534 GC heap after
{Heap after GC invocations=41 (full 0):
 garbage-first heap   total 242688K, used 85286K [0x0000000080000000, 0x0000000100000000)
  region size 1024K, 8 young (8192K), 8 survivors (8192K)
 Metaspace       used 94265K, capacity 96318K, committed 96460K, reserved 1132544K
  class space    used 11732K, capacity 12429K, committed 12544K, reserved 1048576K
}
Event: 60.746 GC heap before
{Heap before GC invocations=41 (full 0):
 garbage-first heap   total 242688K, used 185638K [0x0000000080000000, 0x0000000100000000)
  region size 1024K, 95 young (97280K), 8 survivors (8192K)
 Metaspace       used 95888K, capacity 98035K, committed 98252K, reserved 1134592K
  class space    used 11959K, capacity 12679K, committed 12800K, reserved 1048576K
}
Event: 60.788 GC heap after
{Heap after GC invocations=42 (full 0):
 garbage-first heap   total 242688K, used 99848K [0x0000000080000000, 0x0000000100000000)
  region size 1024K, 12 young (12288K), 12 survivors (12288K)
 Metaspace       used 95888K, capacity 98035K, committed 98252K, reserved 1134592K
  class space    used 11959K, capacity 12679K, committed 12800K, reserved 1048576K
}
Event: 61.906 GC heap before
{Heap before GC invocations=42 (full 0):
 garbage-first heap   total 242688K, used 175624K [0x0000000080000000, 0x0000000100000000)
  region size 1024K, 87 young (89088K), 12 survivors (12288K)
 Metaspace       used 98203K, capacity 100539K, committed 100684K, reserved 1136640K
  class space    used 12318K, capacity 13121K, committed 13184K, reserved 1048576K
}
Event: 61.966 GC heap after
{Heap after GC invocations=43 (full 0):
 garbage-first heap   total 242688K, used 115931K [0x0000000080000000, 0x0000000100000000)
  region size 1024K, 11 young (11264K), 11 survivors (11264K)
 Metaspace       used 98203K, capacity 100539K, committed 100684K, reserved 1136640K
  class space    used 12318K, capacity 13121K, committed 13184K, reserved 1048576K
}
Event: 62.832 GC heap before
{Heap before GC invocations=43 (full 0):
 garbage-first heap   total 242688K, used 180443K [0x0000000080000000, 0x0000000100000000)
  region size 1024K, 75 young (76800K), 11 survivors (11264K)
 Metaspace       used 101572K, capacity 104154K, committed 104268K, reserved 1140736K
  class space    used 12891K, capacity 13869K, committed 13952K, reserved 1048576K
}
Event: 62.900 GC heap after
{Heap after GC invocations=44 (full 0):
 garbage-first heap   total 291840K, used 122217K [0x0000000080000000, 0x0000000100000000)
  region size 1024K, 9 young (9216K), 9 survivors (9216K)
 Metaspace       used 101572K, capacity 104154K, committed 104268K, reserved 1140736K
  class space    used 12891K, capacity 13869K, committed 13952K, reserved 1048576K
}
Event: 64.934 GC heap before
{Heap before GC invocations=44 (full 0):
 garbage-first heap   total 291840K, used 205161K [0x0000000080000000, 0x0000000100000000)
  region size 1024K, 89 young (91136K), 9 survivors (9216K)
 Metaspace       used 104796K, capacity 107660K, committed 107852K, reserved 1142784K
  class space    used 13362K, capacity 14413K, committed 14464K, reserved 1048576K
}
Event: 65.007 GC heap after
{Heap after GC invocations=45 (full 0):
 garbage-first heap   total 291840K, used 134748K [0x0000000080000000, 0x0000000100000000)
  region size 1024K, 12 young (12288K), 12 survivors (12288K)
 Metaspace       used 104796K, capacity 107660K, committed 107852K, reserved 1142784K
  class space    used 13362K, capacity 14413K, committed 14464K, reserved 1048576K
}
Event: 66.988 GC heap before
{Heap before GC invocations=45 (full 0):
 garbage-first heap   total 291840K, used 212572K [0x0000000080000000, 0x0000000100000000)
  region size 1024K, 89 young (91136K), 12 survivors (12288K)
 Metaspace       used 106136K, capacity 108939K, committed 109004K, reserved 1144832K
  class space    used 13481K, capacity 14527K, committed 14592K, reserved 1048576K
}
Event: 67.033 GC heap after
{Heap after GC invocations=46 (full 0):
 garbage-first heap   total 291840K, used 137773K [0x0000000080000000, 0x0000000100000000)
  region size 1024K, 3 young (3072K), 3 survivors (3072K)
 Metaspace       used 106136K, capacity 108939K, committed 109004K, reserved 1144832K
  class space    used 13481K, capacity 14527K, committed 14592K, reserved 1048576K
}
Event: 68.513 GC heap before
{Heap before GC invocations=46 (full 0):
 garbage-first heap   total 291840K, used 218669K [0x0000000080000000, 0x0000000100000000)
  region size 1024K, 82 young (83968K), 3 survivors (3072K)
 Metaspace       used 106225K, capacity 109012K, committed 109260K, reserved 1144832K
  class space    used 13485K, capacity 14530K, committed 14592K, reserved 1048576K
}
Event: 68.539 GC heap after
{Heap after GC invocations=47 (full 0):
 garbage-first heap   total 291840K, used 138649K [0x0000000080000000, 0x0000000100000000)
  region size 1024K, 4 young (4096K), 4 survivors (4096K)
 Metaspace       used 106225K, capacity 109012K, committed 109260K, reserved 1144832K
  class space    used 13485K, capacity 14530K, committed 14592K, reserved 1048576K
}
Event: 69.991 GC heap before
{Heap before GC invocations=48 (full 0):
 garbage-first heap   total 291840K, used 221593K [0x0000000080000000, 0x0000000100000000)
  region size 1024K, 86 young (88064K), 4 survivors (4096K)
 Metaspace       used 106281K, capacity 108803K, committed 109772K, reserved 1144832K
  class space    used 13341K, capacity 14276K, committed 14592K, reserved 1048576K
}
Event: 70.017 GC heap after
{Heap after GC invocations=49 (full 0):
 garbage-first heap   total 291840K, used 138052K [0x0000000080000000, 0x0000000100000000)
  region size 1024K, 4 young (4096K), 4 survivors (4096K)
 Metaspace       used 106281K, capacity 108803K, committed 109772K, reserved 1144832K
  class space    used 13341K, capacity 14276K, committed 14592K, reserved 1048576K
}
Event: 70.125 GC heap before
{Heap before GC invocations=49 (full 0):
 garbage-first heap   total 291840K, used 148292K [0x0000000080000000, 0x0000000100000000)
  region size 1024K, 14 young (14336K), 4 survivors (4096K)
 Metaspace       used 106289K, capacity 108868K, committed 109772K, reserved 1144832K
  class space    used 13341K, capacity 14276K, committed 14592K, reserved 1048576K
}
Event: 70.166 GC heap after
{Heap after GC invocations=50 (full 0):
 garbage-first heap   total 291840K, used 121854K [0x0000000080000000, 0x0000000100000000)
  region size 1024K, 1 young (1024K), 1 survivors (1024K)
 Metaspace       used 106289K, capacity 108868K, committed 109772K, reserved 1144832K
  class space    used 13341K, capacity 14276K, committed 14592K, reserved 1048576K
}
Event: 71.266 GC heap before
{Heap before GC invocations=50 (full 0):
 garbage-first heap   total 291840K, used 217086K [0x0000000080000000, 0x0000000100000000)
  region size 1024K, 94 young (96256K), 1 survivors (1024K)
 Metaspace       used 106530K, capacity 109140K, committed 110028K, reserved 1144832K
  class space    used 13342K, capacity 14278K, committed 14592K, reserved 1048576K
}

