# JRE version: OpenJDK Runtime Environment (11.0.8+10) (build 11.0.8+10-b944.6842174)
# Java VM: OpenJDK 64-Bit Server VM (11.0.8+10-b944.6842174, mixed mode, tiered, compressed oops, g1 gc, windows-amd64)
Heap:
 garbage-first heap   total 187392K, used 116059K [0x0000000080000000, 0x0000000100000000)
  region size 1024K, 17 young (17408K), 3 survivors (3072K)
 Metaspace       used 90786K, capacity 93009K, committed 93260K, reserved 1130496K
  class space    used 11924K, capacity 12786K, committed 12928K, reserved 1048576K
GC Heap History (20 events):
Event: 17.900 GC heap before
{Heap before GC invocations=19 (full 0):
 garbage-first heap   total 129024K, used 105634K [0x0000000080000000, 0x0000000100000000)
  region size 1024K, 49 young (50176K), 4 survivors (4096K)
 Metaspace       used 81103K, capacity 83066K, committed 83276K, reserved 1122304K
  class space    used 10560K, capacity 11268K, committed 11392K, reserved 1048576K
}
Event: 17.911 GC heap after
{Heap after GC invocations=20 (full 0):
 garbage-first heap   total 129024K, used 63682K [0x0000000080000000, 0x0000000100000000)
  region size 1024K, 7 young (7168K), 7 survivors (7168K)
 Metaspace       used 81103K, capacity 83066K, committed 83276K, reserved 1122304K
  class space    used 10560K, capacity 11268K, committed 11392K, reserved 1048576K
}
Event: 18.253 GC heap before
{Heap before GC invocations=20 (full 0):
 garbage-first heap   total 129024K, used 92354K [0x0000000080000000, 0x0000000100000000)
  region size 1024K, 37 young (37888K), 7 survivors (7168K)
 Metaspace       used 81391K, capacity 83404K, committed 83532K, reserved 1122304K
  class space    used 10591K, capacity 11290K, committed 11392K, reserved 1048576K
}
Event: 18.262 GC heap after
{Heap after GC invocations=21 (full 0):
 garbage-first heap   total 129024K, used 64768K [0x0000000080000000, 0x0000000100000000)
  region size 1024K, 5 young (5120K), 5 survivors (5120K)
 Metaspace       used 81391K, capacity 83404K, committed 83532K, reserved 1122304K
  class space    used 10591K, capacity 11290K, committed 11392K, reserved 1048576K
}
Event: 18.510 GC heap before
{Heap before GC invocations=22 (full 0):
 garbage-first heap   total 129024K, used 109824K [0x0000000080000000, 0x0000000100000000)
  region size 1024K, 46 young (47104K), 5 survivors (5120K)
 Metaspace       used 81757K, capacity 83648K, committed 84172K, reserved 1122304K
  class space    used 10615K, capacity 11285K, committed 11520K, reserved 1048576K
}
Event: 18.519 GC heap after
{Heap after GC invocations=23 (full 0):
 garbage-first heap   total 129024K, used 76696K [0x0000000080000000, 0x0000000100000000)
  region size 1024K, 6 young (6144K), 6 survivors (6144K)
 Metaspace       used 81757K, capacity 83648K, committed 84172K, reserved 1122304K
  class space    used 10615K, capacity 11285K, committed 11520K, reserved 1048576K
}
Event: 18.935 GC heap before
{Heap before GC invocations=23 (full 0):
 garbage-first heap   total 129024K, used 104344K [0x0000000080000000, 0x0000000100000000)
  region size 1024K, 34 young (34816K), 6 survivors (6144K)
 Metaspace       used 84124K, capacity 86084K, committed 86476K, reserved 1124352K
  class space    used 10950K, capacity 11656K, committed 11776K, reserved 1048576K
}
Event: 18.950 GC heap after
{Heap after GC invocations=24 (full 0):
 garbage-first heap   total 155648K, used 79407K [0x0000000080000000, 0x0000000100000000)
  region size 1024K, 5 young (5120K), 5 survivors (5120K)
 Metaspace       used 84124K, capacity 86084K, committed 86476K, reserved 1124352K
  class space    used 10950K, capacity 11656K, committed 11776K, reserved 1048576K
}
Event: 19.236 GC heap before
{Heap before GC invocations=25 (full 0):
 garbage-first heap   total 155648K, used 121391K [0x0000000080000000, 0x0000000100000000)
  region size 1024K, 46 young (47104K), 5 survivors (5120K)
 Metaspace       used 84425K, capacity 86368K, committed 86732K, reserved 1124352K
  class space    used 10967K, capacity 11659K, committed 11776K, reserved 1048576K
}
Event: 19.249 GC heap after
{Heap after GC invocations=26 (full 0):
 garbage-first heap   total 155648K, used 87785K [0x0000000080000000, 0x0000000100000000)
  region size 1024K, 6 young (6144K), 6 survivors (6144K)
 Metaspace       used 84425K, capacity 86368K, committed 86732K, reserved 1124352K
  class space    used 10967K, capacity 11659K, committed 11776K, reserved 1048576K
}
Event: 19.510 GC heap before
{Heap before GC invocations=26 (full 0):
 garbage-first heap   total 155648K, used 120553K [0x0000000080000000, 0x0000000100000000)
  region size 1024K, 39 young (39936K), 6 survivors (6144K)
 Metaspace       used 85439K, capacity 87417K, committed 87628K, reserved 1124352K
  class space    used 11117K, capacity 11837K, committed 11904K, reserved 1048576K
}
Event: 19.528 GC heap after
{Heap after GC invocations=27 (full 0):
 garbage-first heap   total 155648K, used 96603K [0x0000000080000000, 0x0000000100000000)
  region size 1024K, 5 young (5120K), 5 survivors (5120K)
 Metaspace       used 85439K, capacity 87417K, committed 87628K, reserved 1124352K
  class space    used 11117K, capacity 11837K, committed 11904K, reserved 1048576K
}
Event: 20.000 GC heap before
{Heap before GC invocations=28 (full 0):
 garbage-first heap   total 155648K, used 124251K [0x0000000080000000, 0x0000000100000000)
  region size 1024K, 32 young (32768K), 5 survivors (5120K)
 Metaspace       used 88907K, capacity 91127K, committed 91468K, reserved 1128448K
  class space    used 11710K, capacity 12574K, committed 12672K, reserved 1048576K
}
Event: 20.012 GC heap after
{Heap after GC invocations=29 (full 0):
 garbage-first heap   total 155648K, used 100600K [0x0000000080000000, 0x0000000100000000)
  region size 1024K, 4 young (4096K), 4 survivors (4096K)
 Metaspace       used 88907K, capacity 91127K, committed 91468K, reserved 1128448K
  class space    used 11710K, capacity 12574K, committed 12672K, reserved 1048576K
}
Event: 20.452 GC heap before
{Heap before GC invocations=29 (full 0):
 garbage-first heap   total 155648K, used 126200K [0x0000000080000000, 0x0000000100000000)
  region size 1024K, 29 young (29696K), 4 survivors (4096K)
 Metaspace       used 90219K, capacity 92528K, committed 92620K, reserved 1128448K
  class space    used 11865K, capacity 12737K, committed 12800K, reserved 1048576K
}
Event: 20.464 GC heap after
{Heap after GC invocations=30 (full 0):
 garbage-first heap   total 187392K, used 101688K [0x0000000080000000, 0x0000000100000000)
  region size 1024K, 2 young (2048K), 2 survivors (2048K)
 Metaspace       used 90219K, capacity 92528K, committed 92620K, reserved 1128448K
  class space    used 11865K, capacity 12737K, committed 12800K, reserved 1048576K
}
Event: 20.932 GC heap before
{Heap before GC invocations=31 (full 0):
 garbage-first heap   total 187392K, used 140600K [0x0000000080000000, 0x0000000100000000)
  region size 1024K, 40 young (40960K), 2 survivors (2048K)
 Metaspace       used 90701K, capacity 92936K, committed 93260K, reserved 1130496K
  class space    used 11905K, capacity 12783K, committed 12928K, reserved 1048576K
}
Event: 20.937 GC heap after
{Heap after GC invocations=32 (full 0):
 garbage-first heap   total 187392K, used 102023K [0x0000000080000000, 0x0000000100000000)
  region size 1024K, 2 young (2048K), 2 survivors (2048K)
 Metaspace       used 90701K, capacity 92936K, committed 93260K, reserved 1130496K
  class space    used 11905K, capacity 12783K, committed 12928K, reserved 1048576K
}
Event: 21.331 GC heap before
{Heap before GC invocations=32 (full 0):
 garbage-first heap   total 187392K, used 144007K [0x0000000080000000, 0x0000000100000000)
  region size 1024K, 43 young (44032K), 2 survivors (2048K)
 Metaspace       used 90784K, capacity 93009K, committed 93260K, reserved 1130496K
  class space    used 11924K, capacity 12786K, committed 12928K, reserved 1048576K
}
Event: 21.347 GC heap after
{Heap after GC invocations=33 (full 0):
 garbage-first heap   total 187392K, used 102747K [0x0000000080000000, 0x0000000100000000)
  region size 1024K, 3 young (3072K), 3 survivors (3072K)
 Metaspace       used 90784K, capacity 93009K, committed 93260K, reserved 1130496K
  class space    used 11924K, capacity 12786K, committed 12928K, reserved 1048576K
}

