# JRE version: OpenJDK Runtime Environment (11.0.8+10) (build 11.0.8+10-b944.6842174)
# Java VM: OpenJDK 64-Bit Server VM (11.0.8+10-b944.6842174, mixed mode, tiered, compressed oops, g1 gc, windows-amd64)
Heap:
 garbage-first heap   total 187392K, used 108822K [0x0000000080000000, 0x0000000100000000)
  region size 1024K, 22 young (22528K), 6 survivors (6144K)
 Metaspace       used 96932K, capacity 99828K, committed 99968K, reserved 1136640K
  class space    used 12388K, capacity 13408K, committed 13440K, reserved 1048576K
GC Heap History (20 events):
Event: 32.683 GC heap before
{Heap before GC invocations=18 (full 0):
 garbage-first heap   total 129024K, used 101980K [0x0000000080000000, 0x0000000100000000)
  region size 1024K, 36 young (36864K), 4 survivors (4096K)
 Metaspace       used 65890K, capacity 67587K, committed 67840K, reserved 1107968K
  class space    used 8584K, capacity 9128K, committed 9216K, reserved 1048576K
}
Event: 32.710 GC heap after
{Heap after GC invocations=19 (full 0):
 garbage-first heap   total 129024K, used 71268K [0x0000000080000000, 0x0000000100000000)
  region size 1024K, 2 young (2048K), 2 survivors (2048K)
 Metaspace       used 65890K, capacity 67587K, committed 67840K, reserved 1107968K
  class space    used 8584K, capacity 9128K, committed 9216K, reserved 1048576K
}
Event: 34.343 GC heap before
{Heap before GC invocations=20 (full 0):
 garbage-first heap   total 129024K, used 105060K [0x0000000080000000, 0x0000000100000000)
  region size 1024K, 35 young (35840K), 2 survivors (2048K)
 Metaspace       used 68740K, capacity 70442K, committed 70528K, reserved 1110016K
  class space    used 8992K, capacity 9523K, committed 9600K, reserved 1048576K
}
Event: 34.363 GC heap after
{Heap after GC invocations=21 (full 0):
 garbage-first heap   total 155648K, used 72923K [0x0000000080000000, 0x0000000100000000)
  region size 1024K, 4 young (4096K), 4 survivors (4096K)
 Metaspace       used 68740K, capacity 70442K, committed 70528K, reserved 1110016K
  class space    used 8992K, capacity 9523K, committed 9600K, reserved 1048576K
}
Event: 36.284 GC heap before
{Heap before GC invocations=21 (full 0):
 garbage-first heap   total 155648K, used 114907K [0x0000000080000000, 0x0000000100000000)
  region size 1024K, 46 young (47104K), 4 survivors (4096K)
 Metaspace       used 72150K, capacity 73958K, committed 73984K, reserved 1114112K
  class space    used 9368K, capacity 9979K, committed 9984K, reserved 1048576K
}
Event: 36.305 GC heap after
{Heap after GC invocations=22 (full 0):
 garbage-first heap   total 155648K, used 75618K [0x0000000080000000, 0x0000000100000000)
  region size 1024K, 5 young (5120K), 5 survivors (5120K)
 Metaspace       used 72150K, capacity 73958K, committed 73984K, reserved 1114112K
  class space    used 9368K, capacity 9979K, committed 9984K, reserved 1048576K
}
Event: 38.090 GC heap before
{Heap before GC invocations=22 (full 0):
 garbage-first heap   total 155648K, used 118626K [0x0000000080000000, 0x0000000100000000)
  region size 1024K, 47 young (48128K), 5 survivors (5120K)
 Metaspace       used 75113K, capacity 77107K, committed 77312K, reserved 1116160K
  class space    used 9815K, capacity 10457K, committed 10496K, reserved 1048576K
}
Event: 38.112 GC heap after
{Heap after GC invocations=23 (full 0):
 garbage-first heap   total 155648K, used 78162K [0x0000000080000000, 0x0000000100000000)
  region size 1024K, 6 young (6144K), 6 survivors (6144K)
 Metaspace       used 75113K, capacity 77107K, committed 77312K, reserved 1116160K
  class space    used 9815K, capacity 10457K, committed 10496K, reserved 1048576K
}
Event: 40.199 GC heap before
{Heap before GC invocations=24 (full 0):
 garbage-first heap   total 155648K, used 121170K [0x0000000080000000, 0x0000000100000000)
  region size 1024K, 48 young (49152K), 6 survivors (6144K)
 Metaspace       used 78891K, capacity 80931K, committed 81280K, reserved 1120256K
  class space    used 10377K, capacity 11037K, committed 11136K, reserved 1048576K
}
Event: 40.224 GC heap after
{Heap after GC invocations=25 (full 0):
 garbage-first heap   total 155648K, used 79997K [0x0000000080000000, 0x0000000100000000)
  region size 1024K, 5 young (5120K), 5 survivors (5120K)
 Metaspace       used 78891K, capacity 80931K, committed 81280K, reserved 1120256K
  class space    used 10377K, capacity 11037K, committed 11136K, reserved 1048576K
}
Event: 42.204 GC heap before
{Heap before GC invocations=25 (full 0):
 garbage-first heap   total 155648K, used 123005K [0x0000000080000000, 0x0000000100000000)
  region size 1024K, 47 young (48128K), 5 survivors (5120K)
 Metaspace       used 83444K, capacity 85420K, committed 85632K, reserved 1124352K
  class space    used 10948K, capacity 11571K, committed 11648K, reserved 1048576K
}
Event: 42.232 GC heap after
{Heap after GC invocations=26 (full 0):
 garbage-first heap   total 155648K, used 83483K [0x0000000080000000, 0x0000000100000000)
  region size 1024K, 6 young (6144K), 6 survivors (6144K)
 Metaspace       used 83444K, capacity 85420K, committed 85632K, reserved 1124352K
  class space    used 10948K, capacity 11571K, committed 11648K, reserved 1048576K
}
Event: 44.313 GC heap before
{Heap before GC invocations=27 (full 0):
 garbage-first heap   total 155648K, used 124443K [0x0000000080000000, 0x0000000100000000)
  region size 1024K, 47 young (48128K), 6 survivors (6144K)
 Metaspace       used 86922K, capacity 89163K, committed 89216K, reserved 1126400K
  class space    used 11399K, capacity 12148K, committed 12160K, reserved 1048576K
}
Event: 44.344 GC heap after
{Heap after GC invocations=28 (full 0):
 garbage-first heap   total 155648K, used 86234K [0x0000000080000000, 0x0000000100000000)
  region size 1024K, 3 young (3072K), 3 survivors (3072K)
 Metaspace       used 86922K, capacity 89163K, committed 89216K, reserved 1126400K
  class space    used 11399K, capacity 12148K, committed 12160K, reserved 1048576K
}
Event: 45.398 GC heap before
{Heap before GC invocations=28 (full 0):
 garbage-first heap   total 155648K, used 126169K [0x0000000080000000, 0x0000000100000000)
  region size 1024K, 43 young (44032K), 3 survivors (3072K)
 Metaspace       used 87347K, capacity 89638K, committed 89728K, reserved 1126400K
  class space    used 11416K, capacity 12152K, committed 12160K, reserved 1048576K
}
Event: 45.426 GC heap after
{Heap after GC invocations=29 (full 0):
 garbage-first heap   total 187392K, used 88445K [0x0000000080000000, 0x0000000100000000)
  region size 1024K, 6 young (6144K), 6 survivors (6144K)
 Metaspace       used 87347K, capacity 89638K, committed 89728K, reserved 1126400K
  class space    used 11416K, capacity 12152K, committed 12160K, reserved 1048576K
}
Event: 48.556 GC heap before
{Heap before GC invocations=30 (full 0):
 garbage-first heap   total 187392K, used 137597K [0x0000000080000000, 0x0000000100000000)
  region size 1024K, 56 young (57344K), 6 survivors (6144K)
 Metaspace       used 91581K, capacity 94053K, committed 94336K, reserved 1130496K
  class space    used 11993K, capacity 12822K, committed 12928K, reserved 1048576K
}
Event: 48.586 GC heap after
{Heap after GC invocations=31 (full 0):
 garbage-first heap   total 187392K, used 91411K [0x0000000080000000, 0x0000000100000000)
  region size 1024K, 6 young (6144K), 6 survivors (6144K)
 Metaspace       used 91581K, capacity 94053K, committed 94336K, reserved 1130496K
  class space    used 11993K, capacity 12822K, committed 12928K, reserved 1048576K
}
Event: 361.048 GC heap before
{Heap before GC invocations=32 (full 0):
 garbage-first heap   total 187392K, used 146707K [0x0000000080000000, 0x0000000100000000)
  region size 1024K, 60 young (61440K), 6 survivors (6144K)
 Metaspace       used 96400K, capacity 99103K, committed 99328K, reserved 1134592K
  class space    used 12338K, capacity 13274K, committed 13312K, reserved 1048576K
}
Event: 361.069 GC heap after
{Heap after GC invocations=33 (full 0):
 garbage-first heap   total 187392K, used 93462K [0x0000000080000000, 0x0000000100000000)
  region size 1024K, 6 young (6144K), 6 survivors (6144K)
 Metaspace       used 96400K, capacity 99103K, committed 99328K, reserved 1134592K
  class space    used 12338K, capacity 13274K, committed 13312K, reserved 1048576K
}

